<?xml version="1.0" encoding="UTF-8"?>
<!-- Generated by org.testng.reporters.JUnitXMLReporter -->
<testsuite ignored="4" hostname="LAPTOP-JBGPDF36" failures="0" tests="1" name="Default test" time="5.054" errors="0" timestamp="2021-01-31T12:32:26 CST">
  <testcase classname="testcase.widgets" name="accordian" time="1.242"/>
  <testcase classname="testcase.widgets" name="checkboxradio" time="0.0">
    <ignored/>
  </testcase> <!-- checkboxradio -->
  <testcase classname="testcase.widgets" name="selectmenu" time="0.0">
    <ignored/>
  </testcase> <!-- selectmenu -->
  <testcase classname="testcase.widgets" name="controlgroup" time="0.0">
    <ignored/>
  </testcase> <!-- controlgroup -->
  <testcase classname="testcase.widgets" name="autocomplete" time="0.0">
    <ignored/>
  </testcase> <!-- autocomplete -->
</testsuite> <!-- Default test -->
