<?xml version="1.0" encoding="UTF-8"?>
<testsuite xmlns:xsi="http://www.w3.org/2001/XMLSchema-instance" xsi:schemaLocation="https://maven.apache.org/surefire/maven-surefire-plugin/xsd/surefire-test-report.xsd" name="TestSuite" time="15.865" tests="10" errors="0" skipped="0" failures="4">
  <properties>
[...]
</properties>
  <testcase name="drag" classname="testcase.Interactions" time="0.978"/>
  <testcase name="droppable" classname="testcase.Interactions" time="0.742"/>
  <testcase name="resizable" classname="testcase.Interactions" time="0.808"/>
  <testcase name="selectable" classname="testcase.Interactions" time="0.78"/>
  <testcase name="sortable" classname="testcase.Interactions" time="0.585"/>
  <testcase name="controlgroup" classname="testcase.widgets" time="1.123"/>
  <testcase name="checkboxradio" classname="testcase.widgets" time="6.056">
    <failure message="TypeError: browsingContextFn().currentWindowGlobal is null&#10;Build info: version: &apos;3.141.59&apos;, revision: &apos;e82be7d358&apos;, time: &apos;2018-11-14T08:17:03&apos;&#10;System info: host: &apos;LAPTOP-JBGPDF36&apos;, ip: &apos;192.168.0.21&apos;, os.name: &apos;Windows 10&apos;, os.arch: &apos;amd64&apos;, os.version: &apos;10.0&apos;, java.version: &apos;15.0.1&apos;&#10;Driver info: org.openqa.selenium.firefox.FirefoxDriver&#10;Capabilities {acceptInsecureCerts: true, browserName: firefox, browserVersion: 85.0, javascriptEnabled: true, moz:accessibilityChecks: false, moz:buildID: 20210118153634, moz:geckodriverVersion: 0.29.0, moz:headless: false, moz:processID: 11680, moz:profile: C:\Users\Vijay\AppData\Loca..., moz:shutdownTimeout: 60000, moz:useNonSpecCompliantPointerOrigin: false, moz:webdriverClick: true, pageLoadStrategy: normal, platform: WINDOWS, platformName: WINDOWS, platformVersion: 10.0, rotatable: false, setWindowRect: true, strictFileInteractability: false, timeouts: {implicit: 0, pageLoad: 300000, script: 30000}, unhandledPromptBehavior: dismiss and notify}&#10;Session ID: ec91a430-a7d3-43d6-a9ac-fd105e3feda7&#10;*** Element info: {Using=xpath, value=//*[@id=&quot;sidebar&quot;]/aside[2]/ul/li[4]/a}" type="org.openqa.selenium.WebDriverException">org.openqa.selenium.WebDriverException: 
TypeError: browsingContextFn().currentWindowGlobal is null
Build info: version: '3.141.59', revision: 'e82be7d358', time: '2018-11-14T08:17:03'
System info: host: 'LAPTOP-JBGPDF36', ip: '192.168.0.21', os.name: 'Windows 10', os.arch: 'amd64', os.version: '10.0', java.version: '15.0.1'
Driver info: org.openqa.selenium.firefox.FirefoxDriver
Capabilities {acceptInsecureCerts: true, browserName: firefox, browserVersion: 85.0, javascriptEnabled: true, moz:accessibilityChecks: false, moz:buildID: 20210118153634, moz:geckodriverVersion: 0.29.0, moz:headless: false, moz:processID: 11680, moz:profile: C:\Users\Vijay\AppData\Loca..., moz:shutdownTimeout: 60000, moz:useNonSpecCompliantPointerOrigin: false, moz:webdriverClick: true, pageLoadStrategy: normal, platform: WINDOWS, platformName: WINDOWS, platformVersion: 10.0, rotatable: false, setWindowRect: true, strictFileInteractability: false, timeouts: {implicit: 0, pageLoad: 300000, script: 30000}, unhandledPromptBehavior: dismiss and notify}
Session ID: ec91a430-a7d3-43d6-a9ac-fd105e3feda7
*** Element info: {Using=xpath, value=//*[@id="sidebar"]/aside[2]/ul/li[4]/a}
	at testcase.widgets.checkboxradio(widgets.java:52)
</failure>
    <system-err><![CDATA[Marionette threw an error: TypeError: browsingContextFn().currentWindowGlobal is null
getMarionetteCommandsActorProxy/get/<@chrome://marionette/content/actors/MarionetteCommandsParent.jsm:332:29

]]></system-err>
  </testcase>
  <testcase name="autocomplete" classname="testcase.widgets" time="0.444">
    <failure message="Failed to decode response from marionette&#10;Build info: version: &apos;3.141.59&apos;, revision: &apos;e82be7d358&apos;, time: &apos;2018-11-14T08:17:03&apos;&#10;System info: host: &apos;LAPTOP-JBGPDF36&apos;, ip: &apos;192.168.0.21&apos;, os.name: &apos;Windows 10&apos;, os.arch: &apos;amd64&apos;, os.version: &apos;10.0&apos;, java.version: &apos;15.0.1&apos;&#10;Driver info: org.openqa.selenium.firefox.FirefoxDriver&#10;Capabilities {acceptInsecureCerts: true, browserName: firefox, browserVersion: 85.0, javascriptEnabled: true, moz:accessibilityChecks: false, moz:buildID: 20210118153634, moz:geckodriverVersion: 0.29.0, moz:headless: false, moz:processID: 11680, moz:profile: C:\Users\Vijay\AppData\Loca..., moz:shutdownTimeout: 60000, moz:useNonSpecCompliantPointerOrigin: false, moz:webdriverClick: true, pageLoadStrategy: normal, platform: WINDOWS, platformName: WINDOWS, platformVersion: 10.0, rotatable: false, setWindowRect: true, strictFileInteractability: false, timeouts: {implicit: 0, pageLoad: 300000, script: 30000}, unhandledPromptBehavior: dismiss and notify}&#10;Session ID: ec91a430-a7d3-43d6-a9ac-fd105e3feda7&#10;*** Element info: {Using=xpath, value=//*[@id=&apos;sidebar&apos;]/aside[2]/ul/li[2]/a}" type="org.openqa.selenium.WebDriverException">org.openqa.selenium.WebDriverException: 
Failed to decode response from marionette
Build info: version: '3.141.59', revision: 'e82be7d358', time: '2018-11-14T08:17:03'
System info: host: 'LAPTOP-JBGPDF36', ip: '192.168.0.21', os.name: 'Windows 10', os.arch: 'amd64', os.version: '10.0', java.version: '15.0.1'
Driver info: org.openqa.selenium.firefox.FirefoxDriver
Capabilities {acceptInsecureCerts: true, browserName: firefox, browserVersion: 85.0, javascriptEnabled: true, moz:accessibilityChecks: false, moz:buildID: 20210118153634, moz:geckodriverVersion: 0.29.0, moz:headless: false, moz:processID: 11680, moz:profile: C:\Users\Vijay\AppData\Loca..., moz:shutdownTimeout: 60000, moz:useNonSpecCompliantPointerOrigin: false, moz:webdriverClick: true, pageLoadStrategy: normal, platform: WINDOWS, platformName: WINDOWS, platformVersion: 10.0, rotatable: false, setWindowRect: true, strictFileInteractability: false, timeouts: {implicit: 0, pageLoad: 300000, script: 30000}, unhandledPromptBehavior: dismiss and notify}
Session ID: ec91a430-a7d3-43d6-a9ac-fd105e3feda7
*** Element info: {Using=xpath, value=//*[@id='sidebar']/aside[2]/ul/li[2]/a}
	at testcase.widgets.autocomplete(widgets.java:30)
</failure>
    <system-err><![CDATA[1612117921226	Marionette	INFO	Stopped listening on port 56572

###!!! [Child][RunMessage] Error: Channel closing: too late to send/recv, messages will be lost

]]></system-err>
  </testcase>
  <testcase name="accordian" classname="testcase.widgets" time="0.004">
    <failure message="Tried to run command without establishing a connection&#10;Build info: version: &apos;3.141.59&apos;, revision: &apos;e82be7d358&apos;, time: &apos;2018-11-14T08:17:03&apos;&#10;System info: host: &apos;LAPTOP-JBGPDF36&apos;, ip: &apos;192.168.0.21&apos;, os.name: &apos;Windows 10&apos;, os.arch: &apos;amd64&apos;, os.version: &apos;10.0&apos;, java.version: &apos;15.0.1&apos;&#10;Driver info: org.openqa.selenium.firefox.FirefoxDriver&#10;Capabilities {acceptInsecureCerts: true, browserName: firefox, browserVersion: 85.0, javascriptEnabled: true, moz:accessibilityChecks: false, moz:buildID: 20210118153634, moz:geckodriverVersion: 0.29.0, moz:headless: false, moz:processID: 11680, moz:profile: C:\Users\Vijay\AppData\Loca..., moz:shutdownTimeout: 60000, moz:useNonSpecCompliantPointerOrigin: false, moz:webdriverClick: true, pageLoadStrategy: normal, platform: WINDOWS, platformName: WINDOWS, platformVersion: 10.0, rotatable: false, setWindowRect: true, strictFileInteractability: false, timeouts: {implicit: 0, pageLoad: 300000, script: 30000}, unhandledPromptBehavior: dismiss and notify}&#10;Session ID: ec91a430-a7d3-43d6-a9ac-fd105e3feda7&#10;*** Element info: {Using=xpath, value=//*[@id=&quot;sidebar&quot;]/aside[2]/ul/li[1]/a}" type="org.openqa.selenium.NoSuchSessionException">org.openqa.selenium.NoSuchSessionException: 
Tried to run command without establishing a connection
Build info: version: '3.141.59', revision: 'e82be7d358', time: '2018-11-14T08:17:03'
System info: host: 'LAPTOP-JBGPDF36', ip: '192.168.0.21', os.name: 'Windows 10', os.arch: 'amd64', os.version: '10.0', java.version: '15.0.1'
Driver info: org.openqa.selenium.firefox.FirefoxDriver
Capabilities {acceptInsecureCerts: true, browserName: firefox, browserVersion: 85.0, javascriptEnabled: true, moz:accessibilityChecks: false, moz:buildID: 20210118153634, moz:geckodriverVersion: 0.29.0, moz:headless: false, moz:processID: 11680, moz:profile: C:\Users\Vijay\AppData\Loca..., moz:shutdownTimeout: 60000, moz:useNonSpecCompliantPointerOrigin: false, moz:webdriverClick: true, pageLoadStrategy: normal, platform: WINDOWS, platformName: WINDOWS, platformVersion: 10.0, rotatable: false, setWindowRect: true, strictFileInteractability: false, timeouts: {implicit: 0, pageLoad: 300000, script: 30000}, unhandledPromptBehavior: dismiss and notify}
Session ID: ec91a430-a7d3-43d6-a9ac-fd105e3feda7
*** Element info: {Using=xpath, value=//*[@id="sidebar"]/aside[2]/ul/li[1]/a}
	at testcase.widgets.accordian(widgets.java:15)
</failure>
  </testcase>
  <testcase name="selectmenu" classname="testcase.widgets" time="0.003">
    <failure message="Tried to run command without establishing a connection&#10;Build info: version: &apos;3.141.59&apos;, revision: &apos;e82be7d358&apos;, time: &apos;2018-11-14T08:17:03&apos;&#10;System info: host: &apos;LAPTOP-JBGPDF36&apos;, ip: &apos;192.168.0.21&apos;, os.name: &apos;Windows 10&apos;, os.arch: &apos;amd64&apos;, os.version: &apos;10.0&apos;, java.version: &apos;15.0.1&apos;&#10;Driver info: org.openqa.selenium.firefox.FirefoxDriver&#10;Capabilities {acceptInsecureCerts: true, browserName: firefox, browserVersion: 85.0, javascriptEnabled: true, moz:accessibilityChecks: false, moz:buildID: 20210118153634, moz:geckodriverVersion: 0.29.0, moz:headless: false, moz:processID: 11680, moz:profile: C:\Users\Vijay\AppData\Loca..., moz:shutdownTimeout: 60000, moz:useNonSpecCompliantPointerOrigin: false, moz:webdriverClick: true, pageLoadStrategy: normal, platform: WINDOWS, platformName: WINDOWS, platformVersion: 10.0, rotatable: false, setWindowRect: true, strictFileInteractability: false, timeouts: {implicit: 0, pageLoad: 300000, script: 30000}, unhandledPromptBehavior: dismiss and notify}&#10;Session ID: ec91a430-a7d3-43d6-a9ac-fd105e3feda7&#10;*** Element info: {Using=xpath, value=//*[@id=&apos;sidebar&apos;]/aside[2]/ul/li[10]/a}" type="org.openqa.selenium.NoSuchSessionException">org.openqa.selenium.NoSuchSessionException: 
Tried to run command without establishing a connection
Build info: version: '3.141.59', revision: 'e82be7d358', time: '2018-11-14T08:17:03'
System info: host: 'LAPTOP-JBGPDF36', ip: '192.168.0.21', os.name: 'Windows 10', os.arch: 'amd64', os.version: '10.0', java.version: '15.0.1'
Driver info: org.openqa.selenium.firefox.FirefoxDriver
Capabilities {acceptInsecureCerts: true, browserName: firefox, browserVersion: 85.0, javascriptEnabled: true, moz:accessibilityChecks: false, moz:buildID: 20210118153634, moz:geckodriverVersion: 0.29.0, moz:headless: false, moz:processID: 11680, moz:profile: C:\Users\Vijay\AppData\Loca..., moz:shutdownTimeout: 60000, moz:useNonSpecCompliantPointerOrigin: false, moz:webdriverClick: true, pageLoadStrategy: normal, platform: WINDOWS, platformName: WINDOWS, platformVersion: 10.0, rotatable: false, setWindowRect: true, strictFileInteractability: false, timeouts: {implicit: 0, pageLoad: 300000, script: 30000}, unhandledPromptBehavior: dismiss and notify}
Session ID: ec91a430-a7d3-43d6-a9ac-fd105e3feda7
*** Element info: {Using=xpath, value=//*[@id='sidebar']/aside[2]/ul/li[10]/a}
	at testcase.widgets.selectmenu(widgets.java:75)
</failure>
  </testcase>
</testsuite>