<?xml version="1.0" encoding="UTF-8"?>
<!-- Generated by org.testng.reporters.JUnitXMLReporter -->
<testsuite ignored="1" hostname="LAPTOP-JBGPDF36" failures="0" tests="4" name="Test" time="12.208" errors="0" timestamp="2021-01-28T18:13:33 CST">
  <testcase classname="project2.Signup" name="verifysignUpPageLoad" time="0.029"/>
  <testcase classname="project2.Signup" name="verifyIncorrectEmail" time="0.582"/>
  <testcase classname="project2.Contactus" name="contactScreen" time="0.04"/>
  <testcase classname="project2.Contactus" name="sendMessage" time="4.781"/>
  <testcase classname="project2.Testbase" name="@BeforeTest openbrowser" time="0.0">
    <ignored/>
  </testcase> <!-- @BeforeTest openbrowser -->
</testsuite> <!-- Test -->
