<?xml version="1.0" encoding="UTF-8"?>
<testng-results ignored="4" total="5" passed="1" failed="0" skipped="0">
  <reporter-output>
  </reporter-output>
  <suite started-at="2021-01-31T12:32:21 CST" name="Default suite" finished-at="2021-01-31T12:32:26 CST" duration-ms="5054">
    <groups>
    </groups>
    <test started-at="2021-01-31T12:32:21 CST" name="Default test" finished-at="2021-01-31T12:32:26 CST" duration-ms="5054">
      <class name="testcase.widgets">
        <test-method is-config="true" signature="openBrowser()[pri:0, instance:testcase.widgets@4a668b6e]" started-at="2021-01-31T12:32:21 CST" name="openBrowser" finished-at="2021-01-31T12:32:25 CST" duration-ms="3788" status="PASS">
          <reporter-output>
          </reporter-output>
        </test-method> <!-- openBrowser -->
        <test-method signature="accordian()[pri:3, instance:testcase.widgets@4a668b6e]" started-at="2021-01-31T12:32:25 CST" name="accordian" finished-at="2021-01-31T12:32:26 CST" duration-ms="1242" status="PASS">
          <reporter-output>
          </reporter-output>
        </test-method> <!-- accordian -->
      </class> <!-- testcase.widgets -->
    </test> <!-- Default test -->
  </suite> <!-- Default suite -->
</testng-results>
